[2026-02-02 06:59:57,469]  WARN {config_sql.py:364} Log path /config/calibre-web.log not valid, falling back to default
[2026-02-02 06:59:57,489]  WARN {config_sql.py:364} Log path  not valid, falling back to default
[2026-02-02 06:59:59,142]  WARN {config_sql.py:364} Log path  not valid, falling back to default
[2026-02-02 06:59:59,167]  INFO {__init__.py:177} Starting Calibre Web...
[2026-02-02 06:59:59,809]  WARN {config_sql.py:400} invalidating configuration
[2026-02-02 06:59:59,839]  WARN {config_sql.py:364} Log path  not valid, falling back to default
[2026-02-02 06:59:59,906]  WARN {warnings.py:110} /lsiopy/lib/python3.12/site-packages/flask_limiter/extension.py:324: UserWarning: Using the in-memory storage for tracking rate limits as no storage was explicitly specified. This is not recommended for production use. See: https://flask-limiter.readthedocs.io#configuring-a-storage-backend for documentation about configuring the storage backend.
  warnings.warn(

[2026-02-02 07:00:00,085]  INFO {base.py:214} Scheduler started
[2026-02-02 07:00:00,086]  INFO {base.py:1090} Added job "delete temp" to job store "default"
[2026-02-02 07:00:00,087]  INFO {base.py:1090} Added job "end scheduled task" to job store "default"
[2026-02-02 07:00:00,087]  INFO {base.py:1090} Added job "immediately delete temp" to job store "default"
[2026-02-02 07:00:00,088]  INFO {base.py:129} Running job "immediately delete temp (trigger: date[2026-02-02 07:00:00 UTC], next run at: 2026-02-02 07:00:00 UTC)" (scheduled at 2026-02-02 07:00:00.087830+00:00)
[2026-02-02 07:00:00,088]  INFO {base.py:728} Removed job 784aa49a455f4b07b51a721f32eeec47
[2026-02-02 07:00:00,104]  INFO {base.py:156} Job "immediately delete temp (trigger: date[2026-02-02 07:00:00 UTC], next run at: 2026-02-02 07:00:00 UTC)" executed successfully
[2026-02-02 07:00:00,248]  INFO {ub.py:764} github Blueprint Created
[2026-02-02 07:00:00,255]  INFO {ub.py:764} google Blueprint Created
[2026-02-02 07:00:01,529]  INFO {server.py:218} Starting Gevent server on [::]:8083
[2026-02-02 07:11:41,069]  WARN {web.py:1448} Login failed for user "admin" IP-address: ::ffff:172.25.0.1
[2026-02-02 07:11:59,738]  WARN {web.py:1448} Login failed for user "admin" IP-address: ::ffff:172.25.0.1
[2026-02-02 07:14:23,106]  WARN {web.py:1448} Login failed for user "admin" IP-address: ::ffff:172.25.0.1
[2026-02-02 07:22:37,376]  INFO {server.py:319} webserver stop (restart=False)
[2026-02-02 07:22:37,377]  INFO {base.py:245} Scheduler has been shut down
[2026-02-02 07:22:37,378]  INFO {server.py:298} Performing shutdown of Calibre-Web
[2026-02-02 07:22:42,645]  WARN {config_sql.py:364} Log path  not valid, falling back to default
[2026-02-02 07:22:42,662]  INFO {__init__.py:177} Starting Calibre Web...
[2026-02-02 07:22:43,095]  WARN {config_sql.py:400} invalidating configuration
[2026-02-02 07:22:43,096]  WARN {config_sql.py:364} Log path  not valid, falling back to default
[2026-02-02 07:22:43,102]  WARN {warnings.py:110} /lsiopy/lib/python3.12/site-packages/flask_limiter/extension.py:324: UserWarning: Using the in-memory storage for tracking rate limits as no storage was explicitly specified. This is not recommended for production use. See: https://flask-limiter.readthedocs.io#configuring-a-storage-backend for documentation about configuring the storage backend.
  warnings.warn(

[2026-02-02 07:22:43,240]  INFO {base.py:214} Scheduler started
[2026-02-02 07:22:43,241]  INFO {base.py:1090} Added job "delete temp" to job store "default"
[2026-02-02 07:22:43,242]  INFO {base.py:1090} Added job "end scheduled task" to job store "default"
[2026-02-02 07:22:43,242]  INFO {base.py:1090} Added job "immediately delete temp" to job store "default"
[2026-02-02 07:22:43,243]  INFO {base.py:129} Running job "immediately delete temp (trigger: date[2026-02-02 07:22:43 UTC], next run at: 2026-02-02 07:22:43 UTC)" (scheduled at 2026-02-02 07:22:43.242746+00:00)
[2026-02-02 07:22:43,243]  INFO {base.py:728} Removed job cadc33e49ca44121a3241b76d09da027
[2026-02-02 07:22:43,261]  INFO {base.py:156} Job "immediately delete temp (trigger: date[2026-02-02 07:22:43 UTC], next run at: 2026-02-02 07:22:43 UTC)" executed successfully
[2026-02-02 07:22:44,204]  INFO {server.py:218} Starting Gevent server on [::]:8083
[2026-02-02 07:27:32,537]  INFO {server.py:319} webserver stop (restart=False)
[2026-02-02 07:27:32,542]  INFO {base.py:245} Scheduler has been shut down
[2026-02-02 07:27:32,545]  INFO {server.py:298} Performing shutdown of Calibre-Web
[2026-02-02 07:27:37,981]  WARN {config_sql.py:364} Log path  not valid, falling back to default
[2026-02-02 07:27:37,999]  INFO {__init__.py:177} Starting Calibre Web...
[2026-02-02 07:27:38,549]  WARN {config_sql.py:364} Log path  not valid, falling back to default
[2026-02-02 07:27:38,554]  WARN {warnings.py:110} /lsiopy/lib/python3.12/site-packages/flask_limiter/extension.py:324: UserWarning: Using the in-memory storage for tracking rate limits as no storage was explicitly specified. This is not recommended for production use. See: https://flask-limiter.readthedocs.io#configuring-a-storage-backend for documentation about configuring the storage backend.
  warnings.warn(

[2026-02-02 07:27:38,768]  INFO {base.py:214} Scheduler started
[2026-02-02 07:27:38,769]  INFO {base.py:1090} Added job "delete temp" to job store "default"
[2026-02-02 07:27:38,770]  INFO {base.py:1090} Added job "end scheduled task" to job store "default"
[2026-02-02 07:27:38,770]  INFO {base.py:1090} Added job "immediately delete temp" to job store "default"
[2026-02-02 07:27:38,771]  INFO {base.py:129} Running job "immediately delete temp (trigger: date[2026-02-02 07:27:38 UTC], next run at: 2026-02-02 07:27:38 UTC)" (scheduled at 2026-02-02 07:27:38.770480+00:00)
[2026-02-02 07:27:38,771]  INFO {base.py:728} Removed job d250d3affdf941a4a73aa4e708c0564b
[2026-02-02 07:27:38,786]  INFO {base.py:156} Job "immediately delete temp (trigger: date[2026-02-02 07:27:38 UTC], next run at: 2026-02-02 07:27:38 UTC)" executed successfully
[2026-02-02 07:27:39,700]  INFO {server.py:218} Starting Gevent server on [::]:8083
[2026-02-02 07:47:37,276]  WARN {config_sql.py:364} Log path  not valid, falling back to default
[2026-02-02 07:48:50,579]  INFO {server.py:319} webserver stop (restart=False)
[2026-02-02 07:48:50,583]  INFO {base.py:245} Scheduler has been shut down
[2026-02-02 07:48:51,586]  INFO {server.py:298} Performing shutdown of Calibre-Web
[2026-02-02 07:48:57,453]  WARN {config_sql.py:364} Log path  not valid, falling back to default
[2026-02-02 07:48:57,473]  INFO {__init__.py:177} Starting Calibre Web...
[2026-02-02 07:48:57,922]  WARN {warnings.py:110} /lsiopy/lib/python3.12/site-packages/flask_limiter/extension.py:324: UserWarning: Using the in-memory storage for tracking rate limits as no storage was explicitly specified. This is not recommended for production use. See: https://flask-limiter.readthedocs.io#configuring-a-storage-backend for documentation about configuring the storage backend.
  warnings.warn(

[2026-02-02 07:48:58,143]  INFO {base.py:214} Scheduler started
[2026-02-02 07:48:58,144]  INFO {base.py:1090} Added job "delete temp" to job store "default"
[2026-02-02 07:48:58,145]  INFO {base.py:1090} Added job "end scheduled task" to job store "default"
[2026-02-02 07:48:58,145]  INFO {base.py:1090} Added job "immediately delete temp" to job store "default"
[2026-02-02 07:48:58,146]  INFO {base.py:129} Running job "immediately delete temp (trigger: date[2026-02-02 07:48:58 UTC], next run at: 2026-02-02 07:48:58 UTC)" (scheduled at 2026-02-02 07:48:58.145433+00:00)
[2026-02-02 07:48:58,146]  INFO {base.py:728} Removed job d628cffbd851485799fc026136a9c777
[2026-02-02 07:48:58,158]  INFO {base.py:156} Job "immediately delete temp (trigger: date[2026-02-02 07:48:58 UTC], next run at: 2026-02-02 07:48:58 UTC)" executed successfully
[2026-02-02 07:48:59,211]  INFO {server.py:218} Starting Gevent server on [::]:8083
[2026-02-02 07:52:06,702] ERROR {app.py:875} Exception on / [GET]
Traceback (most recent call last):
  File "/lsiopy/lib/python3.12/site-packages/sqlalchemy/engine/base.py", line 1967, in _exec_single_context
    self.dialect.do_execute(
  File "/lsiopy/lib/python3.12/site-packages/sqlalchemy/engine/default.py", line 952, in do_execute
    cursor.execute(statement, parameters)
sqlite3.OperationalError: no such column: books.isbn

The above exception was the direct cause of the following exception:

Traceback (most recent call last):
  File "/lsiopy/lib/python3.12/site-packages/flask/app.py", line 1511, in wsgi_app
    response = self.full_dispatch_request()
               ^^^^^^^^^^^^^^^^^^^^^^^^^^^^
  File "/lsiopy/lib/python3.12/site-packages/flask/app.py", line 919, in full_dispatch_request
    rv = self.handle_user_exception(e)
         ^^^^^^^^^^^^^^^^^^^^^^^^^^^^^
  File "/lsiopy/lib/python3.12/site-packages/flask/app.py", line 917, in full_dispatch_request
    rv = self.dispatch_request()
         ^^^^^^^^^^^^^^^^^^^^^^^
  File "/lsiopy/lib/python3.12/site-packages/flask/app.py", line 902, in dispatch_request
    return self.ensure_sync(self.view_functions[rule.endpoint])(**view_args)  # type: ignore[no-any-return]
           ^^^^^^^^^^^^^^^^^^^^^^^^^^^^^^^^^^^^^^^^^^^^^^^^^^^^^^^^^^^^^^^^^
  File "/app/calibre-web/cps/usermanagement.py", line 97, in decorated_view
    return login_required(func)(*args, **kwargs)
           ^^^^^^^^^^^^^^^^^^^^^^^^^^^^^^^^^^^^^
  File "/app/calibre-web/cps/cw_login/utils.py", line 296, in decorated_view
    return current_app.ensure_sync(func)(*args, **kwargs)
           ^^^^^^^^^^^^^^^^^^^^^^^^^^^^^^^^^^^^^^^^^^^^^^
  File "/app/calibre-web/cps/web.py", line 812, in index
    return render_books_list("newest", sort_param, 1, page)
           ^^^^^^^^^^^^^^^^^^^^^^^^^^^^^^^^^^^^^^^^^^^^^^^^
  File "/app/calibre-web/cps/web.py", line 418, in render_books_list
    entries, random, pagination = calibre_db.fill_indexpage(page, 0, db.Books, True, order[0],
                                  ^^^^^^^^^^^^^^^^^^^^^^^^^^^^^^^^^^^^^^^^^^^^^^^^^^^^^^^^^^^^
  File "/app/calibre-web/cps/db.py", line 852, in fill_indexpage
    return self.fill_indexpage_with_archived_books(page, database, pagesize, db_filter, order, False,
           ^^^^^^^^^^^^^^^^^^^^^^^^^^^^^^^^^^^^^^^^^^^^^^^^^^^^^^^^^^^^^^^^^^^^^^^^^^^^^^^^^^^^^^^^^^
  File "/app/calibre-web/cps/db.py", line 862, in fill_indexpage_with_archived_books
    .limit(self.config.config_random_books).all())
                                            ^^^^^
  File "/lsiopy/lib/python3.12/site-packages/sqlalchemy/orm/query.py", line 2704, in all
    return self._iter().all()  # type: ignore
           ^^^^^^^^^^^^
  File "/lsiopy/lib/python3.12/site-packages/sqlalchemy/orm/query.py", line 2857, in _iter
    result: Union[ScalarResult[_T], Result[_T]] = self.session.execute(
                                                  ^^^^^^^^^^^^^^^^^^^^^
  File "/lsiopy/lib/python3.12/site-packages/sqlalchemy/orm/session.py", line 2351, in execute
    return self._execute_internal(
           ^^^^^^^^^^^^^^^^^^^^^^^
  File "/lsiopy/lib/python3.12/site-packages/sqlalchemy/orm/session.py", line 2249, in _execute_internal
    result: Result[Any] = compile_state_cls.orm_execute_statement(
                          ^^^^^^^^^^^^^^^^^^^^^^^^^^^^^^^^^^^^^^^^
  File "/lsiopy/lib/python3.12/site-packages/sqlalchemy/orm/context.py", line 306, in orm_execute_statement
    result = conn.execute(
             ^^^^^^^^^^^^^
  File "/lsiopy/lib/python3.12/site-packages/sqlalchemy/engine/base.py", line 1419, in execute
    return meth(
           ^^^^^
  File "/lsiopy/lib/python3.12/site-packages/sqlalchemy/sql/elements.py", line 527, in _execute_on_connection
    return connection._execute_clauseelement(
           ^^^^^^^^^^^^^^^^^^^^^^^^^^^^^^^^^^
  File "/lsiopy/lib/python3.12/site-packages/sqlalchemy/engine/base.py", line 1641, in _execute_clauseelement
    ret = self._execute_context(
          ^^^^^^^^^^^^^^^^^^^^^^
  File "/lsiopy/lib/python3.12/site-packages/sqlalchemy/engine/base.py", line 1846, in _execute_context
    return self._exec_single_context(
           ^^^^^^^^^^^^^^^^^^^^^^^^^^
  File "/lsiopy/lib/python3.12/site-packages/sqlalchemy/engine/base.py", line 1986, in _exec_single_context
    self._handle_dbapi_exception(
  File "/lsiopy/lib/python3.12/site-packages/sqlalchemy/engine/base.py", line 2363, in _handle_dbapi_exception
    raise sqlalchemy_exception.with_traceback(exc_info[2]) from e
  File "/lsiopy/lib/python3.12/site-packages/sqlalchemy/engine/base.py", line 1967, in _exec_single_context
    self.dialect.do_execute(
  File "/lsiopy/lib/python3.12/site-packages/sqlalchemy/engine/default.py", line 952, in do_execute
    cursor.execute(statement, parameters)
sqlalchemy.exc.OperationalError: (sqlite3.OperationalError) no such column: books.isbn
[SQL: SELECT books.id AS books_id, books.title AS books_title, books.sort AS books_sort, books.author_sort AS books_author_sort, books.timestamp AS books_timestamp, books.pubdate AS books_pubdate, books.series_index AS books_series_index, books.last_modified AS books_last_modified, books.path AS books_path, books.has_cover AS books_has_cover, books.uuid AS books_uuid, books.isbn AS books_isbn, books.flags AS books_flags, archived_book.is_archived AS archived_book_is_archived, book_read_link.read_status AS book_read_link_read_status 
FROM books LEFT OUTER JOIN book_read_link ON book_read_link.user_id = ? AND book_read_link.book_id = books.id LEFT OUTER JOIN archived_book ON books.id = archived_book.book_id AND archived_book.user_id = ? 
WHERE (books.id NOT IN (SELECT 1 FROM (SELECT 1) WHERE 1!=1)) ORDER BY random()
 LIMIT ? OFFSET ?]
[parameters: (1, 1, 4, 0)]
(Background on this error at: https://sqlalche.me/e/20/e3q8)
[2026-02-02 07:52:09,539] ERROR {app.py:875} Exception on / [GET]
Traceback (most recent call last):
  File "/lsiopy/lib/python3.12/site-packages/sqlalchemy/engine/base.py", line 1967, in _exec_single_context
    self.dialect.do_execute(
  File "/lsiopy/lib/python3.12/site-packages/sqlalchemy/engine/default.py", line 952, in do_execute
    cursor.execute(statement, parameters)
sqlite3.OperationalError: no such column: books.isbn

The above exception was the direct cause of the following exception:

Traceback (most recent call last):
  File "/lsiopy/lib/python3.12/site-packages/flask/app.py", line 1511, in wsgi_app
    response = self.full_dispatch_request()
               ^^^^^^^^^^^^^^^^^^^^^^^^^^^^
  File "/lsiopy/lib/python3.12/site-packages/flask/app.py", line 919, in full_dispatch_request
    rv = self.handle_user_exception(e)
         ^^^^^^^^^^^^^^^^^^^^^^^^^^^^^
  File "/lsiopy/lib/python3.12/site-packages/flask/app.py", line 917, in full_dispatch_request
    rv = self.dispatch_request()
         ^^^^^^^^^^^^^^^^^^^^^^^
  File "/lsiopy/lib/python3.12/site-packages/flask/app.py", line 902, in dispatch_request
    return self.ensure_sync(self.view_functions[rule.endpoint])(**view_args)  # type: ignore[no-any-return]
           ^^^^^^^^^^^^^^^^^^^^^^^^^^^^^^^^^^^^^^^^^^^^^^^^^^^^^^^^^^^^^^^^^
  File "/app/calibre-web/cps/usermanagement.py", line 97, in decorated_view
    return login_required(func)(*args, **kwargs)
           ^^^^^^^^^^^^^^^^^^^^^^^^^^^^^^^^^^^^^
  File "/app/calibre-web/cps/cw_login/utils.py", line 296, in decorated_view
    return current_app.ensure_sync(func)(*args, **kwargs)
           ^^^^^^^^^^^^^^^^^^^^^^^^^^^^^^^^^^^^^^^^^^^^^^
  File "/app/calibre-web/cps/web.py", line 812, in index
    return render_books_list("newest", sort_param, 1, page)
           ^^^^^^^^^^^^^^^^^^^^^^^^^^^^^^^^^^^^^^^^^^^^^^^^
  File "/app/calibre-web/cps/web.py", line 418, in render_books_list
    entries, random, pagination = calibre_db.fill_indexpage(page, 0, db.Books, True, order[0],
                                  ^^^^^^^^^^^^^^^^^^^^^^^^^^^^^^^^^^^^^^^^^^^^^^^^^^^^^^^^^^^^
  File "/app/calibre-web/cps/db.py", line 852, in fill_indexpage
    return self.fill_indexpage_with_archived_books(page, database, pagesize, db_filter, order, False,
           ^^^^^^^^^^^^^^^^^^^^^^^^^^^^^^^^^^^^^^^^^^^^^^^^^^^^^^^^^^^^^^^^^^^^^^^^^^^^^^^^^^^^^^^^^^
  File "/app/calibre-web/cps/db.py", line 862, in fill_indexpage_with_archived_books
    .limit(self.config.config_random_books).all())
                                            ^^^^^
  File "/lsiopy/lib/python3.12/site-packages/sqlalchemy/orm/query.py", line 2704, in all
    return self._iter().all()  # type: ignore
           ^^^^^^^^^^^^
  File "/lsiopy/lib/python3.12/site-packages/sqlalchemy/orm/query.py", line 2857, in _iter
    result: Union[ScalarResult[_T], Result[_T]] = self.session.execute(
                                                  ^^^^^^^^^^^^^^^^^^^^^
  File "/lsiopy/lib/python3.12/site-packages/sqlalchemy/orm/session.py", line 2351, in execute
    return self._execute_internal(
           ^^^^^^^^^^^^^^^^^^^^^^^
  File "/lsiopy/lib/python3.12/site-packages/sqlalchemy/orm/session.py", line 2249, in _execute_internal
    result: Result[Any] = compile_state_cls.orm_execute_statement(
                          ^^^^^^^^^^^^^^^^^^^^^^^^^^^^^^^^^^^^^^^^
  File "/lsiopy/lib/python3.12/site-packages/sqlalchemy/orm/context.py", line 306, in orm_execute_statement
    result = conn.execute(
             ^^^^^^^^^^^^^
  File "/lsiopy/lib/python3.12/site-packages/sqlalchemy/engine/base.py", line 1419, in execute
    return meth(
           ^^^^^
  File "/lsiopy/lib/python3.12/site-packages/sqlalchemy/sql/elements.py", line 527, in _execute_on_connection
    return connection._execute_clauseelement(
           ^^^^^^^^^^^^^^^^^^^^^^^^^^^^^^^^^^
  File "/lsiopy/lib/python3.12/site-packages/sqlalchemy/engine/base.py", line 1641, in _execute_clauseelement
    ret = self._execute_context(
          ^^^^^^^^^^^^^^^^^^^^^^
  File "/lsiopy/lib/python3.12/site-packages/sqlalchemy/engine/base.py", line 1846, in _execute_context
    return self._exec_single_context(
           ^^^^^^^^^^^^^^^^^^^^^^^^^^
  File "/lsiopy/lib/python3.12/site-packages/sqlalchemy/engine/base.py", line 1986, in _exec_single_context
    self._handle_dbapi_exception(
  File "/lsiopy/lib/python3.12/site-packages/sqlalchemy/engine/base.py", line 2363, in _handle_dbapi_exception
    raise sqlalchemy_exception.with_traceback(exc_info[2]) from e
  File "/lsiopy/lib/python3.12/site-packages/sqlalchemy/engine/base.py", line 1967, in _exec_single_context
    self.dialect.do_execute(
  File "/lsiopy/lib/python3.12/site-packages/sqlalchemy/engine/default.py", line 952, in do_execute
    cursor.execute(statement, parameters)
sqlalchemy.exc.OperationalError: (sqlite3.OperationalError) no such column: books.isbn
[SQL: SELECT books.id AS books_id, books.title AS books_title, books.sort AS books_sort, books.author_sort AS books_author_sort, books.timestamp AS books_timestamp, books.pubdate AS books_pubdate, books.series_index AS books_series_index, books.last_modified AS books_last_modified, books.path AS books_path, books.has_cover AS books_has_cover, books.uuid AS books_uuid, books.isbn AS books_isbn, books.flags AS books_flags, archived_book.is_archived AS archived_book_is_archived, book_read_link.read_status AS book_read_link_read_status 
FROM books LEFT OUTER JOIN book_read_link ON book_read_link.user_id = ? AND book_read_link.book_id = books.id LEFT OUTER JOIN archived_book ON books.id = archived_book.book_id AND archived_book.user_id = ? 
WHERE (books.id NOT IN (SELECT 1 FROM (SELECT 1) WHERE 1!=1)) ORDER BY random()
 LIMIT ? OFFSET ?]
[parameters: (1, 1, 4, 0)]
(Background on this error at: https://sqlalche.me/e/20/e3q8)
[2026-02-02 07:52:15,879] ERROR {app.py:875} Exception on / [GET]
Traceback (most recent call last):
  File "/lsiopy/lib/python3.12/site-packages/sqlalchemy/engine/base.py", line 1967, in _exec_single_context
    self.dialect.do_execute(
  File "/lsiopy/lib/python3.12/site-packages/sqlalchemy/engine/default.py", line 952, in do_execute
    cursor.execute(statement, parameters)
sqlite3.OperationalError: no such column: books.isbn

The above exception was the direct cause of the following exception:

Traceback (most recent call last):
  File "/lsiopy/lib/python3.12/site-packages/flask/app.py", line 1511, in wsgi_app
    response = self.full_dispatch_request()
               ^^^^^^^^^^^^^^^^^^^^^^^^^^^^
  File "/lsiopy/lib/python3.12/site-packages/flask/app.py", line 919, in full_dispatch_request
    rv = self.handle_user_exception(e)
         ^^^^^^^^^^^^^^^^^^^^^^^^^^^^^
  File "/lsiopy/lib/python3.12/site-packages/flask/app.py", line 917, in full_dispatch_request
    rv = self.dispatch_request()
         ^^^^^^^^^^^^^^^^^^^^^^^
  File "/lsiopy/lib/python3.12/site-packages/flask/app.py", line 902, in dispatch_request
    return self.ensure_sync(self.view_functions[rule.endpoint])(**view_args)  # type: ignore[no-any-return]
           ^^^^^^^^^^^^^^^^^^^^^^^^^^^^^^^^^^^^^^^^^^^^^^^^^^^^^^^^^^^^^^^^^
  File "/app/calibre-web/cps/usermanagement.py", line 97, in decorated_view
    return login_required(func)(*args, **kwargs)
           ^^^^^^^^^^^^^^^^^^^^^^^^^^^^^^^^^^^^^
  File "/app/calibre-web/cps/cw_login/utils.py", line 296, in decorated_view
    return current_app.ensure_sync(func)(*args, **kwargs)
           ^^^^^^^^^^^^^^^^^^^^^^^^^^^^^^^^^^^^^^^^^^^^^^
  File "/app/calibre-web/cps/web.py", line 812, in index
    return render_books_list("newest", sort_param, 1, page)
           ^^^^^^^^^^^^^^^^^^^^^^^^^^^^^^^^^^^^^^^^^^^^^^^^
  File "/app/calibre-web/cps/web.py", line 418, in render_books_list
    entries, random, pagination = calibre_db.fill_indexpage(page, 0, db.Books, True, order[0],
                                  ^^^^^^^^^^^^^^^^^^^^^^^^^^^^^^^^^^^^^^^^^^^^^^^^^^^^^^^^^^^^
  File "/app/calibre-web/cps/db.py", line 852, in fill_indexpage
    return self.fill_indexpage_with_archived_books(page, database, pagesize, db_filter, order, False,
           ^^^^^^^^^^^^^^^^^^^^^^^^^^^^^^^^^^^^^^^^^^^^^^^^^^^^^^^^^^^^^^^^^^^^^^^^^^^^^^^^^^^^^^^^^^
  File "/app/calibre-web/cps/db.py", line 862, in fill_indexpage_with_archived_books
    .limit(self.config.config_random_books).all())
                                            ^^^^^
  File "/lsiopy/lib/python3.12/site-packages/sqlalchemy/orm/query.py", line 2704, in all
    return self._iter().all()  # type: ignore
           ^^^^^^^^^^^^
  File "/lsiopy/lib/python3.12/site-packages/sqlalchemy/orm/query.py", line 2857, in _iter
    result: Union[ScalarResult[_T], Result[_T]] = self.session.execute(
                                                  ^^^^^^^^^^^^^^^^^^^^^
  File "/lsiopy/lib/python3.12/site-packages/sqlalchemy/orm/session.py", line 2351, in execute
    return self._execute_internal(
           ^^^^^^^^^^^^^^^^^^^^^^^
  File "/lsiopy/lib/python3.12/site-packages/sqlalchemy/orm/session.py", line 2249, in _execute_internal
    result: Result[Any] = compile_state_cls.orm_execute_statement(
                          ^^^^^^^^^^^^^^^^^^^^^^^^^^^^^^^^^^^^^^^^
  File "/lsiopy/lib/python3.12/site-packages/sqlalchemy/orm/context.py", line 306, in orm_execute_statement
    result = conn.execute(
             ^^^^^^^^^^^^^
  File "/lsiopy/lib/python3.12/site-packages/sqlalchemy/engine/base.py", line 1419, in execute
    return meth(
           ^^^^^
  File "/lsiopy/lib/python3.12/site-packages/sqlalchemy/sql/elements.py", line 527, in _execute_on_connection
    return connection._execute_clauseelement(
           ^^^^^^^^^^^^^^^^^^^^^^^^^^^^^^^^^^
  File "/lsiopy/lib/python3.12/site-packages/sqlalchemy/engine/base.py", line 1641, in _execute_clauseelement
    ret = self._execute_context(
          ^^^^^^^^^^^^^^^^^^^^^^
  File "/lsiopy/lib/python3.12/site-packages/sqlalchemy/engine/base.py", line 1846, in _execute_context
    return self._exec_single_context(
           ^^^^^^^^^^^^^^^^^^^^^^^^^^
  File "/lsiopy/lib/python3.12/site-packages/sqlalchemy/engine/base.py", line 1986, in _exec_single_context
    self._handle_dbapi_exception(
  File "/lsiopy/lib/python3.12/site-packages/sqlalchemy/engine/base.py", line 2363, in _handle_dbapi_exception
    raise sqlalchemy_exception.with_traceback(exc_info[2]) from e
  File "/lsiopy/lib/python3.12/site-packages/sqlalchemy/engine/base.py", line 1967, in _exec_single_context
    self.dialect.do_execute(
  File "/lsiopy/lib/python3.12/site-packages/sqlalchemy/engine/default.py", line 952, in do_execute
    cursor.execute(statement, parameters)
sqlalchemy.exc.OperationalError: (sqlite3.OperationalError) no such column: books.isbn
[SQL: SELECT books.id AS books_id, books.title AS books_title, books.sort AS books_sort, books.author_sort AS books_author_sort, books.timestamp AS books_timestamp, books.pubdate AS books_pubdate, books.series_index AS books_series_index, books.last_modified AS books_last_modified, books.path AS books_path, books.has_cover AS books_has_cover, books.uuid AS books_uuid, books.isbn AS books_isbn, books.flags AS books_flags, archived_book.is_archived AS archived_book_is_archived, book_read_link.read_status AS book_read_link_read_status 
FROM books LEFT OUTER JOIN book_read_link ON book_read_link.user_id = ? AND book_read_link.book_id = books.id LEFT OUTER JOIN archived_book ON books.id = archived_book.book_id AND archived_book.user_id = ? 
WHERE (books.id NOT IN (SELECT 1 FROM (SELECT 1) WHERE 1!=1)) ORDER BY random()
 LIMIT ? OFFSET ?]
[parameters: (1, 1, 4, 0)]
(Background on this error at: https://sqlalche.me/e/20/e3q8)
[2026-02-02 07:54:11,370]  INFO {server.py:319} webserver stop (restart=False)
[2026-02-02 07:54:11,371]  INFO {base.py:245} Scheduler has been shut down
[2026-02-02 07:54:11,372]  INFO {server.py:298} Performing shutdown of Calibre-Web
[2026-02-02 07:54:16,529]  WARN {config_sql.py:364} Log path  not valid, falling back to default
[2026-02-02 07:54:16,546]  INFO {__init__.py:177} Starting Calibre Web...
[2026-02-02 07:54:16,969]  WARN {warnings.py:110} /lsiopy/lib/python3.12/site-packages/flask_limiter/extension.py:324: UserWarning: Using the in-memory storage for tracking rate limits as no storage was explicitly specified. This is not recommended for production use. See: https://flask-limiter.readthedocs.io#configuring-a-storage-backend for documentation about configuring the storage backend.
  warnings.warn(

[2026-02-02 07:54:17,130]  INFO {base.py:214} Scheduler started
[2026-02-02 07:54:17,131]  INFO {base.py:1090} Added job "delete temp" to job store "default"
[2026-02-02 07:54:17,132]  INFO {base.py:1090} Added job "end scheduled task" to job store "default"
[2026-02-02 07:54:17,132]  INFO {base.py:1090} Added job "immediately delete temp" to job store "default"
[2026-02-02 07:54:17,133]  INFO {base.py:129} Running job "immediately delete temp (trigger: date[2026-02-02 07:54:17 UTC], next run at: 2026-02-02 07:54:17 UTC)" (scheduled at 2026-02-02 07:54:17.132606+00:00)
[2026-02-02 07:54:17,133]  INFO {base.py:728} Removed job 152438eb19354c3e811bc7ae3d12a5e6
[2026-02-02 07:54:17,144]  INFO {base.py:156} Job "immediately delete temp (trigger: date[2026-02-02 07:54:17 UTC], next run at: 2026-02-02 07:54:17 UTC)" executed successfully
[2026-02-02 07:54:18,144]  INFO {server.py:218} Starting Gevent server on [::]:8083
[2026-02-02 08:17:24,688]  WARN {config_sql.py:364} Log path  not valid, falling back to default
[2026-02-02 08:17:24,719]  INFO {__init__.py:177} Starting Calibre Web...
[2026-02-02 08:17:25,664]  WARN {warnings.py:110} /lsiopy/lib/python3.12/site-packages/flask_limiter/extension.py:324: UserWarning: Using the in-memory storage for tracking rate limits as no storage was explicitly specified. This is not recommended for production use. See: https://flask-limiter.readthedocs.io#configuring-a-storage-backend for documentation about configuring the storage backend.
  warnings.warn(

[2026-02-02 08:17:25,856]  INFO {base.py:214} Scheduler started
[2026-02-02 08:17:25,857]  INFO {base.py:1090} Added job "delete temp" to job store "default"
[2026-02-02 08:17:25,858]  INFO {base.py:1090} Added job "end scheduled task" to job store "default"
[2026-02-02 08:17:25,858]  INFO {base.py:1090} Added job "immediately delete temp" to job store "default"
[2026-02-02 08:17:25,859]  INFO {base.py:129} Running job "immediately delete temp (trigger: date[2026-02-02 08:17:25 UTC], next run at: 2026-02-02 08:17:25 UTC)" (scheduled at 2026-02-02 08:17:25.858466+00:00)
[2026-02-02 08:17:25,859]  INFO {base.py:728} Removed job 433a656173b242d8a5a2760d91f9fabf
[2026-02-02 08:17:25,871]  INFO {base.py:156} Job "immediately delete temp (trigger: date[2026-02-02 08:17:25 UTC], next run at: 2026-02-02 08:17:25 UTC)" executed successfully
[2026-02-02 08:17:26,888]  INFO {server.py:218} Starting Gevent server on [::]:8083
[2026-02-02 08:38:17,976]  WARN {config_sql.py:364} Log path  not valid, falling back to default
[2026-02-02 08:38:18,005]  INFO {__init__.py:177} Starting Calibre Web...
[2026-02-02 08:38:18,860]  WARN {warnings.py:110} /lsiopy/lib/python3.12/site-packages/flask_limiter/extension.py:324: UserWarning: Using the in-memory storage for tracking rate limits as no storage was explicitly specified. This is not recommended for production use. See: https://flask-limiter.readthedocs.io#configuring-a-storage-backend for documentation about configuring the storage backend.
  warnings.warn(

[2026-02-02 08:38:19,062]  INFO {base.py:214} Scheduler started
[2026-02-02 08:38:19,063]  INFO {base.py:1090} Added job "delete temp" to job store "default"
[2026-02-02 08:38:19,063]  INFO {base.py:1090} Added job "end scheduled task" to job store "default"
[2026-02-02 08:38:19,063]  INFO {base.py:1090} Added job "immediately delete temp" to job store "default"
[2026-02-02 08:38:19,064]  INFO {base.py:129} Running job "immediately delete temp (trigger: date[2026-02-02 08:38:19 UTC], next run at: 2026-02-02 08:38:19 UTC)" (scheduled at 2026-02-02 08:38:19.063825+00:00)
[2026-02-02 08:38:19,064]  INFO {base.py:728} Removed job 4559163b3fd148a1b04f62bf8c70f80e
[2026-02-02 08:38:19,080]  INFO {base.py:156} Job "immediately delete temp (trigger: date[2026-02-02 08:38:19 UTC], next run at: 2026-02-02 08:38:19 UTC)" executed successfully
[2026-02-02 08:38:20,135]  INFO {server.py:218} Starting Gevent server on [::]:8083
[2026-02-03 00:32:48,687]  WARN {config_sql.py:364} Log path  not valid, falling back to default
[2026-02-03 00:32:48,718]  INFO {__init__.py:177} Starting Calibre Web...
[2026-02-03 00:32:49,605]  WARN {warnings.py:110} /lsiopy/lib/python3.12/site-packages/flask_limiter/extension.py:324: UserWarning: Using the in-memory storage for tracking rate limits as no storage was explicitly specified. This is not recommended for production use. See: https://flask-limiter.readthedocs.io#configuring-a-storage-backend for documentation about configuring the storage backend.
  warnings.warn(

[2026-02-03 00:32:49,809]  INFO {base.py:214} Scheduler started
[2026-02-03 00:32:49,810]  INFO {base.py:1090} Added job "delete temp" to job store "default"
[2026-02-03 00:32:49,811]  INFO {base.py:1090} Added job "end scheduled task" to job store "default"
[2026-02-03 00:32:49,811]  INFO {base.py:1090} Added job "immediately delete temp" to job store "default"
[2026-02-03 00:32:49,812]  INFO {base.py:129} Running job "immediately delete temp (trigger: date[2026-02-03 00:32:49 UTC], next run at: 2026-02-03 00:32:49 UTC)" (scheduled at 2026-02-03 00:32:49.811422+00:00)
[2026-02-03 00:32:49,812]  INFO {base.py:728} Removed job 532ad84efb454bbc9c01d108efeaf003
[2026-02-03 00:32:49,824]  INFO {base.py:156} Job "immediately delete temp (trigger: date[2026-02-03 00:32:49 UTC], next run at: 2026-02-03 00:32:49 UTC)" executed successfully
[2026-02-03 00:32:51,117]  INFO {server.py:218} Starting Gevent server on [::]:8083
[2026-02-03 03:18:20,604]  INFO {server.py:319} webserver stop (restart=False)
[2026-02-03 03:18:20,605]  INFO {base.py:245} Scheduler has been shut down
[2026-02-03 03:18:21,610]  INFO {server.py:298} Performing shutdown of Calibre-Web
[2026-02-03 03:19:33,984]  WARN {config_sql.py:364} Log path  not valid, falling back to default
[2026-02-03 03:19:34,010]  INFO {__init__.py:177} Starting Calibre Web...
[2026-02-03 03:19:34,727]  WARN {warnings.py:110} /lsiopy/lib/python3.12/site-packages/flask_limiter/extension.py:324: UserWarning: Using the in-memory storage for tracking rate limits as no storage was explicitly specified. This is not recommended for production use. See: https://flask-limiter.readthedocs.io#configuring-a-storage-backend for documentation about configuring the storage backend.
  warnings.warn(

[2026-02-03 03:19:34,910]  INFO {base.py:214} Scheduler started
[2026-02-03 03:19:34,911]  INFO {base.py:1090} Added job "delete temp" to job store "default"
[2026-02-03 03:19:34,911]  INFO {base.py:1090} Added job "end scheduled task" to job store "default"
[2026-02-03 03:19:34,912]  INFO {base.py:1090} Added job "immediately delete temp" to job store "default"
[2026-02-03 03:19:34,912]  INFO {base.py:129} Running job "immediately delete temp (trigger: date[2026-02-03 03:19:34 UTC], next run at: 2026-02-03 03:19:34 UTC)" (scheduled at 2026-02-03 03:19:34.912243+00:00)
[2026-02-03 03:19:34,914]  INFO {base.py:728} Removed job 5b42da8969c048669e5ae0ea8e64da72
[2026-02-03 03:19:34,927]  INFO {base.py:156} Job "immediately delete temp (trigger: date[2026-02-03 03:19:34 UTC], next run at: 2026-02-03 03:19:34 UTC)" executed successfully
[2026-02-03 03:19:35,949]  INFO {server.py:218} Starting Gevent server on [::]:8083
[2026-02-03 03:25:45,268]  INFO {server.py:319} webserver stop (restart=False)
[2026-02-03 03:25:45,270]  INFO {base.py:245} Scheduler has been shut down
[2026-02-03 03:25:45,271]  INFO {server.py:298} Performing shutdown of Calibre-Web
[2026-02-03 03:28:41,474]  WARN {config_sql.py:364} Log path  not valid, falling back to default
[2026-02-03 03:28:41,492]  INFO {__init__.py:177} Starting Calibre Web...
[2026-02-03 03:28:41,904]  WARN {warnings.py:110} /lsiopy/lib/python3.12/site-packages/flask_limiter/extension.py:324: UserWarning: Using the in-memory storage for tracking rate limits as no storage was explicitly specified. This is not recommended for production use. See: https://flask-limiter.readthedocs.io#configuring-a-storage-backend for documentation about configuring the storage backend.
  warnings.warn(

[2026-02-03 03:28:42,055]  INFO {base.py:214} Scheduler started
[2026-02-03 03:28:42,056]  INFO {base.py:1090} Added job "delete temp" to job store "default"
[2026-02-03 03:28:42,057]  INFO {base.py:1090} Added job "end scheduled task" to job store "default"
[2026-02-03 03:28:42,057]  INFO {base.py:1090} Added job "immediately delete temp" to job store "default"
[2026-02-03 03:28:42,058]  INFO {base.py:129} Running job "immediately delete temp (trigger: date[2026-02-03 03:28:42 UTC], next run at: 2026-02-03 03:28:42 UTC)" (scheduled at 2026-02-03 03:28:42.057551+00:00)
[2026-02-03 03:28:42,058]  INFO {base.py:728} Removed job 7b38ab86ee304b1fa4a92347555eb0b3
[2026-02-03 03:28:42,073]  INFO {base.py:156} Job "immediately delete temp (trigger: date[2026-02-03 03:28:42 UTC], next run at: 2026-02-03 03:28:42 UTC)" executed successfully
[2026-02-03 03:28:42,945]  INFO {server.py:218} Starting Gevent server on [::]:8083
[2026-02-03 03:35:38,972]  WARN {config_sql.py:364} Log path  not valid, falling back to default
[2026-02-03 03:35:39,004]  INFO {__init__.py:177} Starting Calibre Web...
[2026-02-03 03:35:39,427]  WARN {warnings.py:110} /lsiopy/lib/python3.12/site-packages/flask_limiter/extension.py:324: UserWarning: Using the in-memory storage for tracking rate limits as no storage was explicitly specified. This is not recommended for production use. See: https://flask-limiter.readthedocs.io#configuring-a-storage-backend for documentation about configuring the storage backend.
  warnings.warn(

[2026-02-03 03:35:39,577]  INFO {base.py:214} Scheduler started
[2026-02-03 03:35:39,578]  INFO {base.py:1090} Added job "delete temp" to job store "default"
[2026-02-03 03:35:39,578]  INFO {base.py:1090} Added job "end scheduled task" to job store "default"
[2026-02-03 03:35:39,579]  INFO {base.py:1090} Added job "immediately delete temp" to job store "default"
[2026-02-03 03:35:39,579]  INFO {base.py:129} Running job "immediately delete temp (trigger: date[2026-02-03 03:35:39 UTC], next run at: 2026-02-03 03:35:39 UTC)" (scheduled at 2026-02-03 03:35:39.578904+00:00)
[2026-02-03 03:35:39,579]  INFO {base.py:728} Removed job b0f20959217b4f1ba505bd81aa317796
[2026-02-03 03:35:39,590]  INFO {base.py:156} Job "immediately delete temp (trigger: date[2026-02-03 03:35:39 UTC], next run at: 2026-02-03 03:35:39 UTC)" executed successfully
[2026-02-03 03:35:40,533]  INFO {server.py:218} Starting Gevent server on [::]:8083
[2026-02-03 04:00:00,001]  INFO {base.py:129} Running job "delete temp (trigger: cron[hour='4'], next run at: 2026-02-04 04:00:00 UTC)" (scheduled at 2026-02-03 04:00:00+00:00)
[2026-02-03 04:00:00,006]  INFO {base.py:156} Job "delete temp (trigger: cron[hour='4'], next run at: 2026-02-04 04:00:00 UTC)" executed successfully
[2026-02-03 04:10:00,002]  INFO {base.py:129} Running job "end scheduled task (trigger: cron[hour='4', minute='10'], next run at: 2026-02-04 04:10:00 UTC)" (scheduled at 2026-02-03 04:10:00+00:00)
[2026-02-03 04:10:00,008]  INFO {base.py:156} Job "end scheduled task (trigger: cron[hour='4', minute='10'], next run at: 2026-02-04 04:10:00 UTC)" executed successfully
[2026-02-03 04:14:59,522]  WARN {config_sql.py:364} Log path  not valid, falling back to default
[2026-02-03 04:14:59,552]  INFO {__init__.py:177} Starting Calibre Web...
[2026-02-03 04:15:00,309]  WARN {warnings.py:110} /lsiopy/lib/python3.12/site-packages/flask_limiter/extension.py:324: UserWarning: Using the in-memory storage for tracking rate limits as no storage was explicitly specified. This is not recommended for production use. See: https://flask-limiter.readthedocs.io#configuring-a-storage-backend for documentation about configuring the storage backend.
  warnings.warn(

[2026-02-03 04:15:00,497]  INFO {base.py:214} Scheduler started
[2026-02-03 04:15:00,497]  INFO {base.py:1090} Added job "delete temp" to job store "default"
[2026-02-03 04:15:00,498]  INFO {base.py:1090} Added job "end scheduled task" to job store "default"
[2026-02-03 04:15:00,499]  INFO {base.py:1090} Added job "immediately delete temp" to job store "default"
[2026-02-03 04:15:00,499]  INFO {base.py:129} Running job "immediately delete temp (trigger: date[2026-02-03 04:15:00 UTC], next run at: 2026-02-03 04:15:00 UTC)" (scheduled at 2026-02-03 04:15:00.498897+00:00)
[2026-02-03 04:15:00,499]  INFO {base.py:728} Removed job fbadef9c5c734b4e84be304772ec3992
[2026-02-03 04:15:00,501]  INFO {base.py:156} Job "immediately delete temp (trigger: date[2026-02-03 04:15:00 UTC], next run at: 2026-02-03 04:15:00 UTC)" executed successfully
[2026-02-03 04:15:01,485]  INFO {server.py:218} Starting Gevent server on [::]:8083
